Using pre-set license
Built from '2020.3/staging' branch; Version is '2020.3.9f1 (108be757e447) revision 1084391'; Using compiler version '192528614'; Build Type 'Release'
OS: 'Windows 10 Home Single Language; OS build 19042.1237; Version 2009; 64bit' Language: 'en' Physical Memory: 7883 MB
BatchMode: 1, IsHumanControllingUs: 0, StartBugReporterOnCrash: 0, Is64bit: 1, IsPro: 0

 COMMAND LINE ARGUMENTS:
C:\Program Files\Unity\Hub\Editor\2020.3.9f1\Editor\Unity.exe
-adb2
-batchMode
-noUpm
-name
AssetImportWorker0
-projectPath
C:/Users/ASUS/UnityProjects/AnimateCharacterByFileData3Try5
-logFile
Logs/AssetImportWorker0.log
-srvPort
64538
Successfully changed project path to: C:/Users/ASUS/UnityProjects/AnimateCharacterByFileData3Try5
C:/Users/ASUS/UnityProjects/AnimateCharacterByFileData3Try5
Using Asset Import Pipeline V2.
Refreshing native plugins compatible for Editor in 144.64 ms, found 3 plugins.
Preloading 0 native plugins for Editor in 0.00 ms.
Initialize engine version: 2020.3.9f1 (108be757e447)
[Subsystems] Discovering subsystems at path C:/Program Files/Unity/Hub/Editor/2020.3.9f1/Editor/Data/Resources/UnitySubsystems
[Subsystems] Discovering subsystems at path C:/Users/ASUS/UnityProjects/AnimateCharacterByFileData3Try5/Assets
GfxDevice: creating device client; threaded=0
Direct3D:
    Version:  Direct3D 11.0 [level 11.1]
    Renderer: NVIDIA GeForce MX350 (ID=0x1c94)
    Vendor:   
    VRAM:     1979 MB
    Driver:   27.21.14.6259
Initialize mono
Mono path[0] = 'C:/Program Files/Unity/Hub/Editor/2020.3.9f1/Editor/Data/Managed'
Mono path[1] = 'C:/Program Files/Unity/Hub/Editor/2020.3.9f1/Editor/Data/MonoBleedingEdge/lib/mono/unityjit'
Mono config path = 'C:/Program Files/Unity/Hub/Editor/2020.3.9f1/Editor/Data/MonoBleedingEdge/etc'
Using monoOptions --debugger-agent=transport=dt_socket,embedding=1,server=y,suspend=n,address=127.0.0.1:56352
Begin MonoManager ReloadAssembly
Registering precompiled unity dll's ...
Register platform support module: C:/Program Files/Unity/Hub/Editor/2020.3.9f1/Editor/Data/PlaybackEngines/WindowsStandaloneSupport/UnityEditor.WindowsStandalone.Extensions.dll
Registered in 0.006227 seconds.
Native extension for WindowsStandalone target not found
Refreshing native plugins compatible for Editor in 91.94 ms, found 3 plugins.
Preloading 0 native plugins for Editor in 0.00 ms.
Mono: successfully reloaded assembly
- Completed reload, in  3.617 seconds
Platform modules already initialized, skipping
Registering precompiled user dll's ...
Registered in 0.002915 seconds.
Begin MonoManager ReloadAssembly
Native extension for WindowsStandalone target not found
Refreshing native plugins compatible for Editor in 0.71 ms, found 3 plugins.
Preloading 0 native plugins for Editor in 0.00 ms.
Mono: successfully reloaded assembly
- Completed reload, in  2.601 seconds
Platform modules already initialized, skipping
========================================================================
Worker process is ready to serve import requests
Launched and connected shader compiler UnityShaderCompiler.exe after 0.13 seconds
Refreshing native plugins compatible for Editor in 0.81 ms, found 3 plugins.
Preloading 0 native plugins for Editor in 0.00 ms.
Unloading 1261 Unused Serialized files (Serialized files now loaded: 0)
System memory in use before: 62.8 MB.
System memory in use after: 62.9 MB.

Unloading 17 unused Assets to reduce memory usage. Loaded Objects now: 1699.
Total: 5.472400 ms (FindLiveObjects: 0.228800 ms CreateObjectMapping: 0.102900 ms MarkObjects: 4.849700 ms  DeleteObjects: 0.287900 ms)

========================================================================
Received Import Request.
  path: Assets/Scripts/PlayerNew.cs
  artifactKey: Guid(e587dda21798abd46b1d152aece48135) Importer(815301076,1909f56bfc062723c751e8b465ee728b)
Start importing Assets/Scripts/PlayerNew.cs using Guid(e587dda21798abd46b1d152aece48135) Importer(815301076,1909f56bfc062723c751e8b465ee728b)  -> (artifact id: 'ae3444829b242742a1c9b8fabf55574e') in 0.107670 seconds
  Import took 0.117619 seconds .

========================================================================
Received Prepare
Registering precompiled user dll's ...
Registered in 0.002711 seconds.
Begin MonoManager ReloadAssembly
Native extension for WindowsStandalone target not found
Refreshing native plugins compatible for Editor in 0.74 ms, found 3 plugins.
Preloading 0 native plugins for Editor in 0.00 ms.
Mono: successfully reloaded assembly
- Completed reload, in  2.177 seconds
Platform modules already initialized, skipping
Refreshing native plugins compatible for Editor in 0.48 ms, found 3 plugins.
Preloading 0 native plugins for Editor in 0.00 ms.
Unloading 1250 Unused Serialized files (Serialized files now loaded: 0)
System memory in use before: 62.2 MB.
System memory in use after: 62.2 MB.

Unloading 12 unused Assets to reduce memory usage. Loaded Objects now: 1702.
Total: 5.187900 ms (FindLiveObjects: 0.773700 ms CreateObjectMapping: 0.391100 ms MarkObjects: 3.811000 ms  DeleteObjects: 0.209300 ms)

========================================================================
Received Prepare
Registering precompiled user dll's ...
Registered in 0.002557 seconds.
Begin MonoManager ReloadAssembly
Native extension for WindowsStandalone target not found
Refreshing native plugins compatible for Editor in 0.56 ms, found 3 plugins.
Preloading 0 native plugins for Editor in 0.00 ms.
Mono: successfully reloaded assembly
- Completed reload, in  2.112 seconds
Platform modules already initialized, skipping
Refreshing native plugins compatible for Editor in 0.47 ms, found 3 plugins.
Preloading 0 native plugins for Editor in 0.00 ms.
Unloading 1250 Unused Serialized files (Serialized files now loaded: 0)
System memory in use before: 62.2 MB.
System memory in use after: 62.3 MB.

Unloading 12 unused Assets to reduce memory usage. Loaded Objects now: 1705.
Total: 3.349000 ms (FindLiveObjects: 0.228600 ms CreateObjectMapping: 0.060500 ms MarkObjects: 2.910700 ms  DeleteObjects: 0.147500 ms)

========================================================================
Received Import Request.
  Time since last request: 682.780088 seconds.
  path: Assets/Scripts/PlayerNew.cs
  artifactKey: Guid(e587dda21798abd46b1d152aece48135) Importer(815301076,1909f56bfc062723c751e8b465ee728b)
Start importing Assets/Scripts/PlayerNew.cs using Guid(e587dda21798abd46b1d152aece48135) Importer(815301076,1909f56bfc062723c751e8b465ee728b)  -> (artifact id: '116f4bef3e9f25138736ca30e6abc39b') in 0.019030 seconds
  Import took 0.026458 seconds .

========================================================================
Received Prepare
Registering precompiled user dll's ...
Registered in 0.003512 seconds.
Begin MonoManager ReloadAssembly
Native extension for WindowsStandalone target not found
Refreshing native plugins compatible for Editor in 0.49 ms, found 3 plugins.
Preloading 0 native plugins for Editor in 0.00 ms.
Mono: successfully reloaded assembly
- Completed reload, in  1.724 seconds
Platform modules already initialized, skipping
Refreshing native plugins compatible for Editor in 0.48 ms, found 3 plugins.
Preloading 0 native plugins for Editor in 0.00 ms.
Unloading 1250 Unused Serialized files (Serialized files now loaded: 0)
System memory in use before: 62.2 MB.
System memory in use after: 62.3 MB.

Unloading 12 unused Assets to reduce memory usage. Loaded Objects now: 1708.
Total: 3.401100 ms (FindLiveObjects: 0.191800 ms CreateObjectMapping: 0.060100 ms MarkObjects: 2.979400 ms  DeleteObjects: 0.167800 ms)

========================================================================
Received Prepare
Registering precompiled user dll's ...
Registered in 0.004344 seconds.
Begin MonoManager ReloadAssembly
Native extension for WindowsStandalone target not found
Refreshing native plugins compatible for Editor in 0.63 ms, found 3 plugins.
Preloading 0 native plugins for Editor in 0.00 ms.
Mono: successfully reloaded assembly
- Completed reload, in  1.904 seconds
Platform modules already initialized, skipping
Refreshing native plugins compatible for Editor in 0.67 ms, found 3 plugins.
Preloading 0 native plugins for Editor in 0.00 ms.
Unloading 1250 Unused Serialized files (Serialized files now loaded: 0)
System memory in use before: 62.2 MB.
System memory in use after: 62.3 MB.

Unloading 12 unused Assets to reduce memory usage. Loaded Objects now: 1711.
Total: 4.718700 ms (FindLiveObjects: 0.313100 ms CreateObjectMapping: 0.119600 ms MarkObjects: 4.079400 ms  DeleteObjects: 0.203200 ms)

========================================================================
Received Import Request.
  Time since last request: 319.399627 seconds.
  path: Assets/Scripts/PlayerNew.cs
  artifactKey: Guid(e587dda21798abd46b1d152aece48135) Importer(815301076,1909f56bfc062723c751e8b465ee728b)
Start importing Assets/Scripts/PlayerNew.cs using Guid(e587dda21798abd46b1d152aece48135) Importer(815301076,1909f56bfc062723c751e8b465ee728b)  -> (artifact id: '49204424bdc3b34a354c6247155a8df9') in 0.011915 seconds
  Import took 0.021107 seconds .

========================================================================
Received Prepare
Registering precompiled user dll's ...
Registered in 0.003170 seconds.
Begin MonoManager ReloadAssembly
Native extension for WindowsStandalone target not found
Refreshing native plugins compatible for Editor in 0.53 ms, found 3 plugins.
Preloading 0 native plugins for Editor in 0.00 ms.
Mono: successfully reloaded assembly
- Completed reload, in  1.890 seconds
Platform modules already initialized, skipping
Refreshing native plugins compatible for Editor in 0.56 ms, found 3 plugins.
Preloading 0 native plugins for Editor in 0.00 ms.
Unloading 1250 Unused Serialized files (Serialized files now loaded: 0)
System memory in use before: 62.2 MB.
System memory in use after: 62.3 MB.

Unloading 12 unused Assets to reduce memory usage. Loaded Objects now: 1714.
Total: 3.515700 ms (FindLiveObjects: 0.177400 ms CreateObjectMapping: 0.055400 ms MarkObjects: 3.136900 ms  DeleteObjects: 0.143600 ms)

========================================================================
Received Import Request.
  Time since last request: 232.779268 seconds.
  path: Assets/Scripts/PlayerNew.cs
  artifactKey: Guid(e587dda21798abd46b1d152aece48135) Importer(815301076,1909f56bfc062723c751e8b465ee728b)
Start importing Assets/Scripts/PlayerNew.cs using Guid(e587dda21798abd46b1d152aece48135) Importer(815301076,1909f56bfc062723c751e8b465ee728b)  -> (artifact id: '9fcc393b66e91f8e5ab1ebc77c2eb60e') in 0.010538 seconds
  Import took 0.016442 seconds .

AssetImportWorkerClient::OnTransportError - code=2 error=End of file
